[0516/130109.506:ERROR:audio_rtp_receiver.cc(89)] AudioRtpReceiver::OnSetVolume: No audio channel exists.
[0516/130109.507:WARNING:used_ids.h(55)] Duplicate id found. Reassigning from 104 to 127
[0516/130109.507:WARNING:used_ids.h(55)] Duplicate id found. Reassigning from 102 to 125
[0516/130109.507:WARNING:used_ids.h(55)] Duplicate id found. Reassigning from 104 to 124
[0516/130109.507:WARNING:used_ids.h(55)] Duplicate id found. Reassigning from 106 to 123
[0516/130109.507:WARNING:used_ids.h(55)] Duplicate id found. Reassigning from 103 to 122
[0516/130109.507:WARNING:used_ids.h(55)] Duplicate id found. Reassigning from 105 to 121
[0516/130109.507:WARNING:used_ids.h(55)] Duplicate id found. Reassigning from 109 to 120
[0516/130109.507:WARNING:used_ids.h(55)] Duplicate id found. Reassigning from 1 to 14
[0516/130109.507:WARNING:used_ids.h(55)] Duplicate id found. Reassigning from 3 to 13
[0516/130109.507:WARNING:used_ids.h(55)] Duplicate id found. Reassigning from 5 to 12
[0516/130109.507:WARNING:used_ids.h(55)] Duplicate id found. Reassigning from 6 to 11
[0516/130122.059:WARNING:used_ids.h(55)] Duplicate id found. Reassigning from 104 to 127
[0516/130122.059:WARNING:used_ids.h(55)] Duplicate id found. Reassigning from 102 to 125
[0516/130122.059:WARNING:used_ids.h(55)] Duplicate id found. Reassigning from 104 to 124
[0516/130122.059:WARNING:used_ids.h(55)] Duplicate id found. Reassigning from 106 to 123
[0516/130122.059:WARNING:used_ids.h(55)] Duplicate id found. Reassigning from 103 to 122
[0516/130122.059:WARNING:used_ids.h(55)] Duplicate id found. Reassigning from 105 to 121
[0516/130122.059:WARNING:used_ids.h(55)] Duplicate id found. Reassigning from 109 to 120
[0516/130122.059:WARNING:used_ids.h(55)] Duplicate id found. Reassigning from 1 to 14
[0516/130122.059:WARNING:used_ids.h(55)] Duplicate id found. Reassigning from 3 to 13
[0516/130122.059:WARNING:used_ids.h(55)] Duplicate id found. Reassigning from 5 to 12
[0516/130122.059:WARNING:used_ids.h(55)] Duplicate id found. Reassigning from 6 to 11
[0516/130122.060:ERROR:audio_rtp_receiver.cc(89)] AudioRtpReceiver::OnSetVolume: No audio channel exists.
[0516/130156.299:ERROR:batching_media_log.cc(38)] MediaEvent: {"error":"FFmpegDemuxer: no supported streams"}
[0516/130156.299:ERROR:batching_media_log.cc(35)] MediaEvent: {"pipeline_error":14}
[0516/130156.323:ERROR:batching_media_log.cc(38)] MediaEvent: {"error":"FFmpegDemuxer: no supported streams"}
[0516/130156.325:ERROR:batching_media_log.cc(35)] MediaEvent: {"pipeline_error":14}
[0517/144444.029:ERROR:os_crypt_win.cc(92)] Failed to decrypt: Key not valid for use in specified state. (0x8009000B)
[0520/105819.509:ERROR:audio_rtp_receiver.cc(89)] AudioRtpReceiver::OnSetVolume: No audio channel exists.
[0520/105819.510:WARNING:used_ids.h(55)] Duplicate id found. Reassigning from 104 to 127
[0520/105819.510:WARNING:used_ids.h(55)] Duplicate id found. Reassigning from 102 to 125
[0520/105819.510:WARNING:used_ids.h(55)] Duplicate id found. Reassigning from 104 to 124
[0520/105819.510:WARNING:used_ids.h(55)] Duplicate id found. Reassigning from 106 to 123
[0520/105819.510:WARNING:used_ids.h(55)] Duplicate id found. Reassigning from 103 to 122
[0520/105819.510:WARNING:used_ids.h(55)] Duplicate id found. Reassigning from 105 to 121
[0520/105819.510:WARNING:used_ids.h(55)] Duplicate id found. Reassigning from 109 to 120
[0520/105819.510:WARNING:used_ids.h(55)] Duplicate id found. Reassigning from 1 to 14
[0520/105819.510:WARNING:used_ids.h(55)] Duplicate id found. Reassigning from 3 to 13
[0520/105819.510:WARNING:used_ids.h(55)] Duplicate id found. Reassigning from 5 to 12
[0520/105819.510:WARNING:used_ids.h(55)] Duplicate id found. Reassigning from 6 to 11
[0520/105849.017:ERROR:audio_rtp_receiver.cc(89)] AudioRtpReceiver::OnSetVolume: No audio channel exists.
[0520/105849.017:WARNING:used_ids.h(55)] Duplicate id found. Reassigning from 104 to 127
[0520/105849.017:WARNING:used_ids.h(55)] Duplicate id found. Reassigning from 102 to 125
[0520/105849.017:WARNING:used_ids.h(55)] Duplicate id found. Reassigning from 104 to 124
[0520/105849.017:WARNING:used_ids.h(55)] Duplicate id found. Reassigning from 106 to 123
[0520/105849.017:WARNING:used_ids.h(55)] Duplicate id found. Reassigning from 103 to 122
[0520/105849.017:WARNING:used_ids.h(55)] Duplicate id found. Reassigning from 105 to 121
[0520/105849.017:WARNING:used_ids.h(55)] Duplicate id found. Reassigning from 109 to 120
[0520/105849.017:WARNING:used_ids.h(55)] Duplicate id found. Reassigning from 1 to 14
[0520/105849.017:WARNING:used_ids.h(55)] Duplicate id found. Reassigning from 3 to 13
[0520/105849.017:WARNING:used_ids.h(55)] Duplicate id found. Reassigning from 5 to 12
[0520/105849.017:WARNING:used_ids.h(55)] Duplicate id found. Reassigning from 6 to 11
[0520/105852.990:ERROR:batching_media_log.cc(38)] MediaEvent: {"error":"FFmpegDemuxer: no supported streams"}
[0520/105852.990:ERROR:batching_media_log.cc(35)] MediaEvent: {"pipeline_error":14}
[0520/105853.119:WARNING:spdy_session.cc(3365)] Received HEADERS for invalid stream 41
[0520/105853.220:ERROR:batching_media_log.cc(38)] MediaEvent: {"error":"FFmpegDemuxer: no supported streams"}
[0520/105853.220:ERROR:batching_media_log.cc(35)] MediaEvent: {"pipeline_error":14}
